# JRE version: OpenJDK Runtime Environment (8.0_312-b07) (build 1.8.0_312-b07)
# Java VM: OpenJDK 64-Bit Server VM (25.312-b07 mixed mode windows-amd64 compressed oops)
Heap:
 PSYoungGen      total 582144K, used 77775K [0x00000000d5580000, 0x00000000ffb00000, 0x0000000100000000)
  eden space 480256K, 13% used [0x00000000d5580000,0x00000000d9514cd0,0x00000000f2a80000)
  from space 101888K, 12% used [0x00000000f2a80000,0x00000000f36df120,0x00000000f8e00000)
  to   space 99840K, 0% used [0x00000000f9980000,0x00000000f9980000,0x00000000ffb00000)
 ParOldGen       total 367616K, used 276964K [0x0000000080000000, 0x0000000096700000, 0x00000000d5580000)
  object space 367616K, 75% used [0x0000000080000000,0x0000000090e79208,0x0000000096700000)
 Metaspace       used 130013K, capacity 144882K, committed 145024K, reserved 1173504K
  class space    used 17520K, capacity 21300K, committed 21376K, reserved 1048576K
GC Heap History (10 events):
Event: 1148.154 GC heap before
{Heap before GC invocations=27 (full 4):
 PSYoungGen      total 437760K, used 437731K [0x00000000d5580000, 0x00000000ff800000, 0x0000000100000000)
  eden space 345088K, 100% used [0x00000000d5580000,0x00000000ea680000,0x00000000ea680000)
  from space 92672K, 99% used [0x00000000f1880000,0x00000000f72f8e98,0x00000000f7300000)
  to   space 116736K, 0% used [0x00000000ea680000,0x00000000ea680000,0x00000000f1880000)
 ParOldGen       total 367616K, used 213498K [0x0000000080000000, 0x0000000096700000, 0x00000000d5580000)
  object space 367616K, 58% used [0x0000000080000000,0x000000008d07ead8,0x0000000096700000)
 Metaspace       used 126991K, capacity 141266K, committed 141568K, reserved 1169408K
  class space    used 17225K, capacity 20916K, committed 20992K, reserved 1048576K
Event: 1148.183 GC heap after
Heap after GC invocations=27 (full 4):
 PSYoungGen      total 461824K, used 8206K [0x00000000d5580000, 0x00000000fd100000, 0x0000000100000000)
  eden space 345088K, 0% used [0x00000000d5580000,0x00000000d5580000,0x00000000ea680000)
  from space 116736K, 7% used [0x00000000ea680000,0x00000000eae83ac8,0x00000000f1880000)
  to   space 116224K, 0% used [0x00000000f5f80000,0x00000000f5f80000,0x00000000fd100000)
 ParOldGen       total 367616K, used 238042K [0x0000000080000000, 0x0000000096700000, 0x00000000d5580000)
  object space 367616K, 64% used [0x0000000080000000,0x000000008e876ba8,0x0000000096700000)
 Metaspace       used 126991K, capacity 141266K, committed 141568K, reserved 1169408K
  class space    used 17225K, capacity 20916K, committed 20992K, reserved 1048576K
}
Event: 1159.296 GC heap before
{Heap before GC invocations=28 (full 4):
 PSYoungGen      total 461824K, used 353294K [0x00000000d5580000, 0x00000000fd100000, 0x0000000100000000)
  eden space 345088K, 100% used [0x00000000d5580000,0x00000000ea680000,0x00000000ea680000)
  from space 116736K, 7% used [0x00000000ea680000,0x00000000eae83ac8,0x00000000f1880000)
  to   space 116224K, 0% used [0x00000000f5f80000,0x00000000f5f80000,0x00000000fd100000)
 ParOldGen       total 367616K, used 238042K [0x0000000080000000, 0x0000000096700000, 0x00000000d5580000)
  object space 367616K, 64% used [0x0000000080000000,0x000000008e876ba8,0x0000000096700000)
 Metaspace       used 127472K, capacity 141798K, committed 142080K, reserved 1171456K
  class space    used 17246K, capacity 20940K, committed 20992K, reserved 1048576K
Event: 1159.355 GC heap after
Heap after GC invocations=28 (full 4):
 PSYoungGen      total 514048K, used 31448K [0x00000000d5580000, 0x00000000fc200000, 0x0000000100000000)
  eden space 413184K, 0% used [0x00000000d5580000,0x00000000d5580000,0x00000000ee900000)
  from space 100864K, 31% used [0x00000000f5f80000,0x00000000f7e361b0,0x00000000fc200000)
  to   space 111104K, 0% used [0x00000000ee900000,0x00000000ee900000,0x00000000f5580000)
 ParOldGen       total 367616K, used 240765K [0x0000000080000000, 0x0000000096700000, 0x00000000d5580000)
  object space 367616K, 65% used [0x0000000080000000,0x000000008eb1f638,0x0000000096700000)
 Metaspace       used 127472K, capacity 141798K, committed 142080K, reserved 1171456K
  class space    used 17246K, capacity 20940K, committed 20992K, reserved 1048576K
}
Event: 1161.523 GC heap before
{Heap before GC invocations=29 (full 4):
 PSYoungGen      total 514048K, used 444632K [0x00000000d5580000, 0x00000000fc200000, 0x0000000100000000)
  eden space 413184K, 100% used [0x00000000d5580000,0x00000000ee900000,0x00000000ee900000)
  from space 100864K, 31% used [0x00000000f5f80000,0x00000000f7e361b0,0x00000000fc200000)
  to   space 111104K, 0% used [0x00000000ee900000,0x00000000ee900000,0x00000000f5580000)
 ParOldGen       total 367616K, used 240765K [0x0000000080000000, 0x0000000096700000, 0x00000000d5580000)
  object space 367616K, 65% used [0x0000000080000000,0x000000008eb1f638,0x0000000096700000)
 Metaspace       used 128997K, capacity 143646K, committed 143872K, reserved 1171456K
  class space    used 17406K, capacity 21140K, committed 21248K, reserved 1048576K
Event: 1161.552 GC heap after
Heap after GC invocations=29 (full 4):
 PSYoungGen      total 524288K, used 27083K [0x00000000d5580000, 0x00000000ff600000, 0x0000000100000000)
  eden space 413184K, 0% used [0x00000000d5580000,0x00000000d5580000,0x00000000ee900000)
  from space 111104K, 24% used [0x00000000ee900000,0x00000000f0372ed0,0x00000000f5580000)
  to   space 106496K, 0% used [0x00000000f8e00000,0x00000000f8e00000,0x00000000ff600000)
 ParOldGen       total 367616K, used 247756K [0x0000000080000000, 0x0000000096700000, 0x00000000d5580000)
  object space 367616K, 67% used [0x0000000080000000,0x000000008f1f3218,0x0000000096700000)
 Metaspace       used 128997K, capacity 143646K, committed 143872K, reserved 1171456K
  class space    used 17406K, capacity 21140K, committed 21248K, reserved 1048576K
}
Event: 1162.465 GC heap before
{Heap before GC invocations=30 (full 4):
 PSYoungGen      total 524288K, used 440267K [0x00000000d5580000, 0x00000000ff600000, 0x0000000100000000)
  eden space 413184K, 100% used [0x00000000d5580000,0x00000000ee900000,0x00000000ee900000)
  from space 111104K, 24% used [0x00000000ee900000,0x00000000f0372ed0,0x00000000f5580000)
  to   space 106496K, 0% used [0x00000000f8e00000,0x00000000f8e00000,0x00000000ff600000)
 ParOldGen       total 367616K, used 247756K [0x0000000080000000, 0x0000000096700000, 0x00000000d5580000)
  object space 367616K, 67% used [0x0000000080000000,0x000000008f1f3218,0x0000000096700000)
 Metaspace       used 129515K, capacity 144266K, committed 144384K, reserved 1173504K
  class space    used 17458K, capacity 21202K, committed 21248K, reserved 1048576K
Event: 1162.497 GC heap after
Heap after GC invocations=30 (full 4):
 PSYoungGen      total 583168K, used 30111K [0x00000000d5580000, 0x00000000ff280000, 0x0000000100000000)
  eden space 480256K, 0% used [0x00000000d5580000,0x00000000d5580000,0x00000000f2a80000)
  from space 102912K, 29% used [0x00000000f8e00000,0x00000000fab67f70,0x00000000ff280000)
  to   space 101888K, 0% used [0x00000000f2a80000,0x00000000f2a80000,0x00000000f8e00000)
 ParOldGen       total 367616K, used 258419K [0x0000000080000000, 0x0000000096700000, 0x00000000d5580000)
  object space 367616K, 70% used [0x0000000080000000,0x000000008fc5ce08,0x0000000096700000)
 Metaspace       used 129515K, capacity 144266K, committed 144384K, reserved 1173504K
  class space    used 17458K, capacity 21202K, committed 21248K, reserved 1048576K
}
Event: 1163.306 GC heap before
{Heap before GC invocations=31 (full 4):
 PSYoungGen      total 583168K, used 510367K [0x00000000d5580000, 0x00000000ff280000, 0x0000000100000000)
  eden space 480256K, 100% used [0x00000000d5580000,0x00000000f2a80000,0x00000000f2a80000)
  from space 102912K, 29% used [0x00000000f8e00000,0x00000000fab67f70,0x00000000ff280000)
  to   space 101888K, 0% used [0x00000000f2a80000,0x00000000f2a80000,0x00000000f8e00000)
 ParOldGen       total 367616K, used 258419K [0x0000000080000000, 0x0000000096700000, 0x00000000d5580000)
  object space 367616K, 70% used [0x0000000080000000,0x000000008fc5ce08,0x0000000096700000)
 Metaspace       used 129909K, capacity 144768K, committed 145024K, reserved 1173504K
  class space    used 17507K, capacity 21289K, committed 21376K, reserved 1048576K
Event: 1163.324 GC heap after
Heap after GC invocations=31 (full 4):
 PSYoungGen      total 582144K, used 12668K [0x00000000d5580000, 0x00000000ffb00000, 0x0000000100000000)
  eden space 480256K, 0% used [0x00000000d5580000,0x00000000d5580000,0x00000000f2a80000)
  from space 101888K, 12% used [0x00000000f2a80000,0x00000000f36df120,0x00000000f8e00000)
  to   space 99840K, 0% used [0x00000000f9980000,0x00000000f9980000,0x00000000ffb00000)
 ParOldGen       total 367616K, used 276964K [0x0000000080000000, 0x0000000096700000, 0x00000000d5580000)
  object space 367616K, 75% used [0x0000000080000000,0x0000000090e79208,0x0000000096700000)
 Metaspace       used 129909K, capacity 144768K, committed 145024K, reserved 1173504K
  class space    used 17507K, capacity 21289K, committed 21376K, reserved 1048576K
}

